DEBUG 2019-07-31 11:56:43,600: 	 Executing command: 'submit'
DEBUG 2019-07-31 11:56:43,600: 	 Found CRAB cache file /afs/cern.ch/user/g/gkopp/.crab3
DEBUG 2019-07-31 11:56:43,612: 	 Checking credentials
DEBUG 2019-07-31 11:56:43,613: 	 Found proxy file /tmp/x509up_u101898
DEBUG 2019-07-31 11:56:43,613: 	 Getting proxy life time left
DEBUG 2019-07-31 11:56:44,723: 	 Executing : 
 command : voms-proxy-info -file /tmp/x509up_u101898 -timeleft
 output : 84998

 error: 
 retcode : 0
DEBUG 2019-07-31 11:56:45,434: 	 Executing : 
 command : voms-proxy-info -file /tmp/x509up_u101898 -actimeleft
 output : 84997

 error: 
 retcode : 0
DEBUG 2019-07-31 11:56:45,434: 	 Proxy lifetime 84998 secs is different from voms extension lifetime 84997 secs for proxy: /tmp/x509up_u101898
DEBUG 2019-07-31 11:56:45,434: 	 Proxy valid for 23:36:37 hours
INFO 2019-07-31 11:56:45,434: 	 Will use CRAB configuration file crab_Data_config.py
DEBUG 2019-07-31 11:56:45,435: 	 Loading CRAB configuration file.
DEBUG 2019-07-31 11:56:45,441: 	 Will use CRAB Analysis plugin (i.e. will run an analysis job type).
DEBUG 2019-07-31 11:56:45,865: 	 Executing : 
 command : openssl x509 -in ~/.globus/usercert.pem -subject -noout
 output : subject= /DC=ch/DC=cern/OU=Organic Units/OU=Users/CN=gkopp/CN=819733/CN=Gillian Baron Kopp

 error: 
 retcode : 0
DEBUG 2019-07-31 11:56:45,866: 	 Checking credentials
DEBUG 2019-07-31 11:56:45,866: 	 Found proxy file /tmp/x509up_u101898
DEBUG 2019-07-31 11:56:45,866: 	 Getting proxy life time left
DEBUG 2019-07-31 11:56:46,574: 	 Executing : 
 command : voms-proxy-info -file /tmp/x509up_u101898 -timeleft
 output : 84996

 error: 
 retcode : 0
DEBUG 2019-07-31 11:56:47,285: 	 Executing : 
 command : voms-proxy-info -file /tmp/x509up_u101898 -actimeleft
 output : 84995

 error: 
 retcode : 0
DEBUG 2019-07-31 11:56:47,285: 	 Proxy lifetime 84996 secs is different from voms extension lifetime 84995 secs for proxy: /tmp/x509up_u101898
DEBUG 2019-07-31 11:56:47,285: 	 Proxy valid for 23:36:35 hours
DEBUG 2019-07-31 11:56:48,097: 	 Executing : 
 command : env X509_USER_PROXY=/tmp/x509up_u101898 voms-proxy-info -fqan
 output : /cms/Role=NULL/Capability=NULL

 error: 
 retcode : 0
DEBUG 2019-07-31 11:56:48,279: 	 Registering user credentials for server /DC=ch/DC=cern/OU=computers/CN=vocms(052|058|030|0118|0105|0109).cern.ch|/DC=ch/DC=cern/OU=computers/CN=crab-(preprod|prod)-tw(02|01).cern.ch
DEBUG 2019-07-31 11:56:48,421: 	 Executing : 
 command : openssl x509 -in ~/.globus/usercert.pem -subject -noout
 output : subject= /DC=ch/DC=cern/OU=Organic Units/OU=Users/CN=gkopp/CN=819733/CN=Gillian Baron Kopp

 error: 
 retcode : 0
DEBUG 2019-07-31 11:56:48,421: 	 Getting myproxy life time left for myproxy.cern.ch
DEBUG 2019-07-31 11:56:48,421: 	 Calculating hash of /DC=ch/DC=cern/OU=Organic Units/OU=Users/CN=gkopp/CN=819733/CN=Gillian Baron Kopp_cmsweb.cern.ch for credential name
DEBUG 2019-07-31 11:56:49,229: 	 Executing : 
 command : myproxy-info -l d4f7aa722e38c894c2ff2ae18ed554d50112c21d -s myproxy.cern.ch
 output : username: d4f7aa722e38c894c2ff2ae18ed554d50112c21d
owner: /DC=ch/DC=cern/OU=Organic Units/OU=Users/CN=gkopp/CN=819733/CN=Gillian Baron Kopp
  renewal policy: /DC=ch/DC=cern/OU=computers/CN=vocms(052|058|030|0118|0105|0109).cern.ch|/DC=ch/DC=cern/OU=computers/CN=crab-(preprod|prod)-tw(02|01).cern.ch
  trusted retrieval policy: /DC=ch/DC=cern/OU=computers/CN=vocms(052|058|030|0118|0105|0109).cern.ch|/DC=ch/DC=cern/OU=computers/CN=crab-(preprod|prod)-tw(02|01).cern.ch
  timeleft: 719:38:09  (30.0 days)

 error: 
 retcode : 0
DEBUG 2019-07-31 11:56:49,230: 	 Myproxy is valid: 2590689
DEBUG 2019-07-31 11:56:49,230: 	 Command use: submit
DEBUG 2019-07-31 11:56:49,230: 	 Options use: ['--config=crab_Data_config.py']
DEBUG 2019-07-31 11:56:49,323: 	 CRABClient version: 3.3.1904
DEBUG 2019-07-31 11:56:49,323: 	 Instance is prod
DEBUG 2019-07-31 11:56:49,323: 	 Server base url is cmsweb.cern.ch
DEBUG 2019-07-31 11:56:49,323: 	 Command url /crabserver/prod/workflow
DEBUG 2019-07-31 11:56:49,323: 	 Started submission
DEBUG 2019-07-31 11:56:49,323: 	 Working on /afs/cern.ch/work/g/gkopp/HCAL_Trigger/CMSSW_10_6_0/src/Debug/HcalDebug/crab/crab_projects_out/crab_QCD_MC_PU
DEBUG 2019-07-31 11:56:49,461: 	 Loading required information from the environment
DEBUG 2019-07-31 11:56:49,462: 	 Found CMSSW_10_6_0 for slc7_amd64_gcc700 with base /afs/cern.ch/work/g/gkopp/HCAL_Trigger/CMSSW_10_6_0
DEBUG 2019-07-31 11:56:49,464: 	 Loading required information from the environment
DEBUG 2019-07-31 11:56:49,464: 	 Found CMSSW_10_6_0 for slc7_amd64_gcc700 with base /afs/cern.ch/work/g/gkopp/HCAL_Trigger/CMSSW_10_6_0
DEBUG 2019-07-31 11:56:49,518: 	 UNIQUE NAME: tarUUID 03eb8f12-836a-409d-af64-15e670352062 
DEBUG 2019-07-31 11:56:49,519: 	 self.config: from WMCore.Configuration import Configuration
config = Configuration()
config.section_('General')
config.General.transferLogs = True
config.General.workArea = 'crab_projects_out'
config.General.requestName = 'QCD_MC_PU'
config.section_('JobType')
config.JobType.psetName = '../test/analyze_run3.py'
config.JobType.pluginName = 'Analysis'
config.section_('Data')
config.Data.inputDataset = '/RelValQCD_FlatPt_15_3000HS_13/CMSSW_10_6_0_pre4-PU25ns_106X_upgrade2021_realistic_v4-v1/GEN-SIM-DIGI-RAW'
config.Data.publication = False
config.Data.unitsPerJob = 1
config.Data.splitting = 'FileBased'
config.Data.outLFNDirBase = '/store/group/dpg_hcal/comm_hcal/gillian/LLP_Run3/HcalAnalysisFrameworkFiles/'
config.Data.totalUnits = 4
config.section_('Site')
config.Site.storageSite = 'T2_CH_CERN'
config.section_('User')
config.section_('Debug')

DEBUG 2019-07-31 11:56:49,519: 	 self.config.JobType.psetName: ../test/analyze_run3.py
INFO 2019-07-31 11:56:49,519: 	 Importing CMSSW configuration ../test/analyze_run3.py
INFO 2019-07-31 11:56:54,090: 	 Finished importing CMSSW configuration ../test/analyze_run3.py
DEBUG 2019-07-31 11:56:54,090: 	 Writing CMSSW configuration to /afs/cern.ch/work/g/gkopp/HCAL_Trigger/CMSSW_10_6_0/src/Debug/HcalDebug/crab/crab_projects_out/crab_QCD_MC_PU/inputs/PSet.py
DEBUG 2019-07-31 11:56:54,305: 	 The following EDM output files will be collected: []
DEBUG 2019-07-31 11:56:54,305: 	 The following TFile output files will be collected: ['analyze.root']
DEBUG 2019-07-31 11:56:54,305: 	 The following user output files will be collected: []
DEBUG 2019-07-31 11:56:54,305: 	 Loading required information from the environment
DEBUG 2019-07-31 11:56:54,305: 	 Found CMSSW_10_6_0 for slc7_amd64_gcc700 with base /afs/cern.ch/work/g/gkopp/HCAL_Trigger/CMSSW_10_6_0
DEBUG 2019-07-31 11:56:54,305: 	 Making tarball in /afs/cern.ch/work/g/gkopp/HCAL_Trigger/CMSSW_10_6_0/src/Debug/HcalDebug/crab/crab_projects_out/crab_QCD_MC_PU/inputs/03eb8f12-836a-409d-af64-15e670352062default.tgz
DEBUG 2019-07-31 11:56:54,306: 	 Checking directory /afs/cern.ch/work/g/gkopp/HCAL_Trigger/CMSSW_10_6_0/lib
DEBUG 2019-07-31 11:56:54,306: 	 Adding directory /afs/cern.ch/work/g/gkopp/HCAL_Trigger/CMSSW_10_6_0/lib to tarball
DEBUG 2019-07-31 11:56:54,611: 	 Checking directory /afs/cern.ch/work/g/gkopp/HCAL_Trigger/CMSSW_10_6_0/biglib
DEBUG 2019-07-31 11:56:54,611: 	 Adding directory /afs/cern.ch/work/g/gkopp/HCAL_Trigger/CMSSW_10_6_0/biglib to tarball
DEBUG 2019-07-31 11:56:54,613: 	 Checking directory /afs/cern.ch/work/g/gkopp/HCAL_Trigger/CMSSW_10_6_0/module
DEBUG 2019-07-31 11:56:55,170: 	 Adding data directory /afs/cern.ch/work/g/gkopp/HCAL_Trigger/CMSSW_10_6_0/src/CalibCalorimetry/CaloTPG/data to tarball
DEBUG 2019-07-31 11:56:55,191: 	 Adding data directory /afs/cern.ch/work/g/gkopp/HCAL_Trigger/CMSSW_10_6_0/src/CalibFormats/CaloTPG/data to tarball
DEBUG 2019-07-31 11:56:55,196: 	 Adding data directory /afs/cern.ch/work/g/gkopp/HCAL_Trigger/CMSSW_10_6_0/src/CalibFormats/CaloTPG/interface to tarball
DEBUG 2019-07-31 11:56:55,209: 	 Adding data directory /afs/cern.ch/work/g/gkopp/HCAL_Trigger/CMSSW_10_6_0/src/DataFormats/HcalDigi/interface to tarball
DEBUG 2019-07-31 11:56:55,257: 	 Adding data directory /afs/cern.ch/work/g/gkopp/HCAL_Trigger/CMSSW_10_6_0/src/SimCalorimetry/HcalTrigPrimAlgos/interface to tarball
DEBUG 2019-07-31 11:56:55,332: 	 Adding data directory /afs/cern.ch/work/g/gkopp/HCAL_Trigger/CMSSW_10_6_0/src/Debug/HcalDebug/data to tarball
DEBUG 2019-07-31 11:57:08,844: 	 Adding data directory /afs/cern.ch/work/g/gkopp/HCAL_Trigger/CMSSW_10_6_0/src/Debug/HcalDebug/interface to tarball
DEBUG 2019-07-31 11:57:09,292: 	 Uploading archive /afs/cern.ch/work/g/gkopp/HCAL_Trigger/CMSSW_10_6_0/src/Debug/HcalDebug/crab/crab_projects_out/crab_QCD_MC_PU/inputs/03eb8f12-836a-409d-af64-15e670352062default.tgz (1.154297.1 MB) to the CRAB cache. Using URI https://cmsweb.cern.ch/crabcache
DEBUG 2019-07-31 11:57:14,222: 	 Loading required information from the environment
DEBUG 2019-07-31 11:57:14,222: 	 Found CMSSW_10_6_0 for slc7_amd64_gcc700 with base /afs/cern.ch/work/g/gkopp/HCAL_Trigger/CMSSW_10_6_0
DEBUG 2019-07-31 11:57:14,223: 	 Making tarball in /afs/cern.ch/work/g/gkopp/HCAL_Trigger/CMSSW_10_6_0/src/Debug/HcalDebug/crab/crab_projects_out/crab_QCD_MC_PU/inputs/debugFiles.tgz
DEBUG 2019-07-31 11:57:14,230: 	 Uploading archive /afs/cern.ch/work/g/gkopp/HCAL_Trigger/CMSSW_10_6_0/src/Debug/HcalDebug/crab/crab_projects_out/crab_QCD_MC_PU/inputs/debugFiles.tgz (2 KB) to the CRAB cache. Using URI https://cmsweb.cern.ch/crabcache
DEBUG 2019-07-31 11:57:14,293: 	 Result uploading input files: 25ae225d49e66dac06cd3379e453e8bc628baabbd6912a941620f6b7abd342d2.tar.gz 
INFO 2019-07-31 11:57:14,293: 	 Sending the request to the server
DEBUG 2019-07-31 11:57:14,294: 	 Submitting {'maxjobruntime': 1250, 'extrajdl': [], 'ignorelocality': 0, 'savelogsflag': 1, 'useparent': 0, 'asyncdest': 'T2_CH_CERN', 'algoargs': 1, 'cachefilename': '25ae225d49e66dac06cd3379e453e8bc628baabbd6912a941620f6b7abd342d2.tar.gz', 'numcores': 1, 'addoutputfiles': [], 'generator': 'pythia', 'maxmemory': 2000, 'publishdbsurl': 'https://cmsweb.cern.ch/dbs/prod/phys03/DBSWriter', 'priority': 10, 'jobsw': 'CMSSW_10_6_0', 'edmoutfiles': [], 'userfiles': [], 'primarydataset': '', 'inputdata': '/RelValQCD_FlatPt_15_3000HS_13/CMSSW_10_6_0_pre4-PU25ns_106X_upgrade2021_realistic_v4-v1/GEN-SIM-DIGI-RAW', 'lfn': '/store/group/dpg_hcal/comm_hcal/gillian/LLP_Run3/HcalAnalysisFrameworkFiles/', 'dryrun': 0, 'workflow': 'crab_QCD_MC_PU', 'cacheurl': u'https://cmsweb.cern.ch/crabcache', 'nonprodsw': 0, 'tfileoutfiles': ['analyze.root'], 'oneEventMode': 0, 'debugfilename': 'f6f541a5fe12d080f87dc86c98a4292bfb8aa7719d7f071fbba58bdcbf7e8204.tar.gz', 'saveoutput': 1, 'publication': 0, 'jobarch': 'slc7_amd64_gcc700', 'totalunits': 4, 'splitalgo': 'FileBased', 'ignoreglobalblacklist': 0, 'nonvaliddata': 0, 'dbsurl': 'https://cmsweb.cern.ch/dbs/prod/global/DBSReader', 'publishgroupname': 0, 'jobtype': 'Analysis', 'publishname2': ''} 
DEBUG 2019-07-31 11:57:14,295: 	 Encoded submit request: maxjobruntime=1250&ignorelocality=0&savelogsflag=1&useparent=0&asyncdest=T2_CH_CERN&algoargs=1&cachefilename=25ae225d49e66dac06cd3379e453e8bc628baabbd6912a941620f6b7abd342d2.tar.gz&numcores=1&generator=pythia&maxmemory=2000&publishdbsurl=https%3A%2F%2Fcmsweb.cern.ch%2Fdbs%2Fprod%2Fphys03%2FDBSWriter&priority=10&jobsw=CMSSW_10_6_0&primarydataset=&inputdata=%2FRelValQCD_FlatPt_15_3000HS_13%2FCMSSW_10_6_0_pre4-PU25ns_106X_upgrade2021_realistic_v4-v1%2FGEN-SIM-DIGI-RAW&lfn=%2Fstore%2Fgroup%2Fdpg_hcal%2Fcomm_hcal%2Fgillian%2FLLP_Run3%2FHcalAnalysisFrameworkFiles%2F&dryrun=0&workflow=crab_QCD_MC_PU&cacheurl=https%3A%2F%2Fcmsweb.cern.ch%2Fcrabcache&nonprodsw=0&oneEventMode=0&debugfilename=f6f541a5fe12d080f87dc86c98a4292bfb8aa7719d7f071fbba58bdcbf7e8204.tar.gz&saveoutput=1&publication=0&jobarch=slc7_amd64_gcc700&totalunits=4&splitalgo=FileBased&ignoreglobalblacklist=0&nonvaliddata=0&dbsurl=https%3A%2F%2Fcmsweb.cern.ch%2Fdbs%2Fprod%2Fglobal%2FDBSReader&publishgroupname=0&jobtype=Analysis&publishname2=&tfileoutfiles=analyze.root
DEBUG 2019-07-31 11:57:14,468: 	 Result: {u'result': [{u'RequestName': u'190731_095714:gkopp_crab_QCD_MC_PU'}]}
INFO 2019-07-31 11:57:14,471: 	 Success: Your task has been delivered to the CRAB3 server.
INFO 2019-07-31 11:57:14,471: 	 Task name: 190731_095714:gkopp_crab_QCD_MC_PU
INFO 2019-07-31 11:57:14,471: 	 Project dir: crab_projects_out/crab_QCD_MC_PU
INFO 2019-07-31 11:57:14,471: 	 Please use 'crab status -d crab_projects_out/crab_QCD_MC_PU' to check how the submission process proceeds.
DEBUG 2019-07-31 11:57:14,471: 	 About to return
INFO 2019-07-31 11:57:14,475: 	 Log file is /afs/cern.ch/work/g/gkopp/HCAL_Trigger/CMSSW_10_6_0/src/Debug/HcalDebug/crab/crab_projects_out/crab_QCD_MC_PU/crab.log
DEBUG 2019-07-31 11:57:48,438: 	 Executing command: 'status'
DEBUG 2019-07-31 11:57:48,438: 	 Found CRAB cache file /afs/cern.ch/user/g/gkopp/.crab3
DEBUG 2019-07-31 11:57:48,447: 	 Checking credentials
DEBUG 2019-07-31 11:57:48,447: 	 Found proxy file /tmp/x509up_u101898
DEBUG 2019-07-31 11:57:48,447: 	 Getting proxy life time left
DEBUG 2019-07-31 11:57:49,152: 	 Executing : 
 command : voms-proxy-info -file /tmp/x509up_u101898 -timeleft
 output : 84933

 error: 
 retcode : 0
DEBUG 2019-07-31 11:57:49,862: 	 Executing : 
 command : voms-proxy-info -file /tmp/x509up_u101898 -actimeleft
 output : 84933

 error: 
 retcode : 0
DEBUG 2019-07-31 11:57:49,862: 	 Proxy valid for 23:35:33 hours
DEBUG 2019-07-31 11:57:49,979: 	 Executing : 
 command : openssl x509 -in ~/.globus/usercert.pem -subject -noout
 output : subject= /DC=ch/DC=cern/OU=Organic Units/OU=Users/CN=gkopp/CN=819733/CN=Gillian Baron Kopp

 error: 
 retcode : 0
DEBUG 2019-07-31 11:57:49,979: 	 Checking credentials
DEBUG 2019-07-31 11:57:49,979: 	 Found proxy file /tmp/x509up_u101898
DEBUG 2019-07-31 11:57:49,979: 	 Getting proxy life time left
DEBUG 2019-07-31 11:57:50,687: 	 Executing : 
 command : voms-proxy-info -file /tmp/x509up_u101898 -timeleft
 output : 84932

 error: 
 retcode : 0
DEBUG 2019-07-31 11:57:51,399: 	 Executing : 
 command : voms-proxy-info -file /tmp/x509up_u101898 -actimeleft
 output : 84931

 error: 
 retcode : 0
DEBUG 2019-07-31 11:57:51,399: 	 Proxy lifetime 84932 secs is different from voms extension lifetime 84931 secs for proxy: /tmp/x509up_u101898
DEBUG 2019-07-31 11:57:51,400: 	 Proxy valid for 23:35:31 hours
DEBUG 2019-07-31 11:57:51,483: 	 Registering user credentials for server /DC=ch/DC=cern/OU=computers/CN=vocms(052|058|030|0118|0105|0109).cern.ch|/DC=ch/DC=cern/OU=computers/CN=crab-(preprod|prod)-tw(02|01).cern.ch
DEBUG 2019-07-31 11:57:51,593: 	 Executing : 
 command : openssl x509 -in ~/.globus/usercert.pem -subject -noout
 output : subject= /DC=ch/DC=cern/OU=Organic Units/OU=Users/CN=gkopp/CN=819733/CN=Gillian Baron Kopp

 error: 
 retcode : 0
DEBUG 2019-07-31 11:57:51,594: 	 Getting myproxy life time left for myproxy.cern.ch
DEBUG 2019-07-31 11:57:51,594: 	 Calculating hash of /DC=ch/DC=cern/OU=Organic Units/OU=Users/CN=gkopp/CN=819733/CN=Gillian Baron Kopp_cmsweb.cern.ch for credential name
DEBUG 2019-07-31 11:57:52,300: 	 Executing : 
 command : myproxy-info -l d4f7aa722e38c894c2ff2ae18ed554d50112c21d -s myproxy.cern.ch
 output : username: d4f7aa722e38c894c2ff2ae18ed554d50112c21d
owner: /DC=ch/DC=cern/OU=Organic Units/OU=Users/CN=gkopp/CN=819733/CN=Gillian Baron Kopp
  renewal policy: /DC=ch/DC=cern/OU=computers/CN=vocms(052|058|030|0118|0105|0109).cern.ch|/DC=ch/DC=cern/OU=computers/CN=crab-(preprod|prod)-tw(02|01).cern.ch
  trusted retrieval policy: /DC=ch/DC=cern/OU=computers/CN=vocms(052|058|030|0118|0105|0109).cern.ch|/DC=ch/DC=cern/OU=computers/CN=crab-(preprod|prod)-tw(02|01).cern.ch
  timeleft: 719:37:06  (30.0 days)

 error: 
 retcode : 0
DEBUG 2019-07-31 11:57:52,301: 	 Myproxy is valid: 2590626
DEBUG 2019-07-31 11:57:52,302: 	 Command use: status
DEBUG 2019-07-31 11:57:52,302: 	 Options use: ['-d', 'crab_projects_out/crab_QCD_MC_PU']
DEBUG 2019-07-31 11:57:52,382: 	 CRABClient version: 3.3.1904
DEBUG 2019-07-31 11:57:52,382: 	 Instance is prod
DEBUG 2019-07-31 11:57:52,382: 	 Server base url is cmsweb.cern.ch
DEBUG 2019-07-31 11:57:52,382: 	 Command url /crabserver/prod/workflow
DEBUG 2019-07-31 11:57:52,461: 	 Got information from server oracle database: {u'result': [u'190731_095714:gkopp_crab_QCD_MC_PU', u'None', u'None', u'QUEUED', u'SUBMIT', u'2019-07-31 09:57:14.460119', u'None', u'None', u'None', u'CMSSW_10_6_0', u'slc7_amd64_gcc700', u'/RelValQCD_FlatPt_15_3000HS_13/CMSSW_10_6_0_pre4-PU25ns_106X_upgrade2021_realistic_v4-v1/GEN-SIM-DIGI-RAW', u'F', u'0', u'[]', u'[]', u'FileBased', u"{'splitOnRun': False, 'halt_job_on_file_boundaries': False, 'files_per_job': 1, 'runs': [], 'lumis': []}", u'25ae225d49e66dac06cd3379e453e8bc628baabbd6912a941620f6b7abd342d2.tar.gz', u'https://cmsweb.cern.ch/crabcache', u'gkopp', u'/DC=ch/DC=cern/OU=Organic Units/OU=Users/CN=gkopp/CN=819733/CN=Gillian Baron Kopp', u'cms', u'None', u'None', u'crab_QCD_MC_PU-00000000000000000000000000000000', u'F', u'T2_CH_CERN', u'https://cmsweb.cern.ch/dbs/prod/global/DBSReader', u'https://cmsweb.cern.ch/dbs/prod/phys03/DBSWriter', u'F', u'[]', u"['analyze.root']", u'[]', u'Analysis', u'pythia', u'None', u'{}', u'[]', u'T', u'crab-prod-tw01', u'[]', u'1250', u'1', u'2000', u'10', u'None', u'[]', u'None', u'None', u'[]', u'[]', u'https://cmsweb.cern.ch/crabserver/prod', u'cmsgwms-collector-global.cern.ch:9620,cmssrv221.fnal.gov:9620', u'None', u'F', u'[]', u'T', u'/store/group/dpg_hcal/comm_hcal/gillian/LLP_Run3/HcalAnalysisFrameworkFiles/', u'F', u'None', u'F', u'None', u'RelValQCD_FlatPt_15_3000HS_13', u'None', u'f6f541a5fe12d080f87dc86c98a4292bfb8aa7719d7f071fbba58bdcbf7e8204.tar.gz', u'None', u'filetransfers', u'F', u'2001:1458:201:e3::100:47b', u'4.0', u'None'], u'desc': {u'columns': [u'tm_taskname', u'tm_activity', u'panda_jobset_id', u'tm_task_status', u'tm_task_command', u'tm_start_time', u'tm_start_injection', u'tm_end_injection', u'tm_task_failure', u'tm_job_sw', u'tm_job_arch', u'tm_input_dataset', u'tm_nonvalid_input_dataset', u'tm_use_parent', u'tm_site_whitelist', u'tm_site_blacklist', u'tm_split_algo', u'tm_split_args', u'tm_user_sandbox', u'tm_cache_url', u'tm_username', u'tm_user_dn', u'tm_user_vo', u'tm_user_role', u'tm_user_group', u'tm_publish_name', u'tm_publish_groupname', u'tm_asyncdest', u'tm_dbs_url', u'tm_publish_dbs_url', u'tm_publication', u'tm_outfiles', u'tm_tfile_outfiles', u'tm_edm_outfiles', u'tm_job_type', u'tm_generator', u'tm_events_per_lumi', u'tm_arguments', u'panda_resubmitted_jobs', u'tm_save_logs', u'tw_name', u'tm_user_infiles', u'tm_maxjobruntime', u'tm_numcores', u'tm_maxmemory', u'tm_priority', u'tm_output_dataset', u'tm_task_warnings', u'tm_user_webdir', u'tm_scriptexe', u'tm_scriptargs', u'tm_extrajdl', u'tm_asourl', u'tm_collector', u'tm_schedd', u'tm_dry_run', u'tm_user_files', u'tm_transfer_outputs', u'tm_output_lfn', u'tm_ignore_locality', u'tm_fail_limit', u'tm_one_event_mode', u'tm_secondary_input_dataset', u'tm_primary_dataset', u'tm_last_publication', u'tm_debug_files', u'clusterid', u'tm_asodb', u'tm_ignore_global_blacklist', u'tm_submitter_ip_addr', u'tm_totalunits', u'tm_ddm_reqid']}}
INFO 2019-07-31 11:57:52,461: 	 CRAB project directory:		/afs/cern.ch/work/g/gkopp/HCAL_Trigger/CMSSW_10_6_0/src/Debug/HcalDebug/crab/crab_projects_out/crab_QCD_MC_PU
INFO 2019-07-31 11:57:52,461: 	 Task name:			190731_095714:gkopp_crab_QCD_MC_PU
INFO 2019-07-31 11:57:52,461: 	 Grid scheduler - Task Worker:	N/A yet - crab-prod-tw01
INFO 2019-07-31 11:57:52,461: 	 Status on the CRAB server:	QUEUED on command SUBMIT
INFO 2019-07-31 11:57:52,462: 	 Task URL to use for HELP:	https://cmsweb.cern.ch/crabserver/ui/task/190731_095714%3Agkopp_crab_QCD_MC_PU
INFO 2019-07-31 11:57:52,462: 	 Dashboard monitoring URL:	http://dashb-cms-job.cern.ch/dashboard/templates/task-analysis/#user=gkopp&refresh=0&table=Jobs&p=1&records=25&activemenu=2&status=&site=&tid=190731_095714%3Agkopp_crab_QCD_MC_PU
INFO 2019-07-31 11:57:52,462: 	 New dashboard monitoring URL:	https://monit-grafana.cern.ch/d/cmsTMDetail/cms-task-monitoring-task-view?orgId=11&var-user=gkopp&var-task=190731_095714%3Agkopp_crab_QCD_MC_PU
INFO 2019-07-31 11:57:52,462: 	 In case of issues with the new dashboard, please provide feedback to hn-cms-computing-tools@cern.ch
DEBUG 2019-07-31 11:57:52,462: 	 The task has not been submitted to the Grid scheduler yet. Not printing job information.
INFO 2019-07-31 11:57:52,471: 	 Log file is /afs/cern.ch/work/g/gkopp/HCAL_Trigger/CMSSW_10_6_0/src/Debug/HcalDebug/crab/crab_projects_out/crab_QCD_MC_PU/crab.log
DEBUG 2019-07-31 11:58:29,587: 	 Executing command: 'status'
DEBUG 2019-07-31 11:58:29,587: 	 Found CRAB cache file /afs/cern.ch/user/g/gkopp/.crab3
DEBUG 2019-07-31 11:58:29,595: 	 Checking credentials
DEBUG 2019-07-31 11:58:29,596: 	 Found proxy file /tmp/x509up_u101898
DEBUG 2019-07-31 11:58:29,596: 	 Getting proxy life time left
DEBUG 2019-07-31 11:58:30,305: 	 Executing : 
 command : voms-proxy-info -file /tmp/x509up_u101898 -timeleft
 output : 84892

 error: 
 retcode : 0
DEBUG 2019-07-31 11:58:31,012: 	 Executing : 
 command : voms-proxy-info -file /tmp/x509up_u101898 -actimeleft
 output : 84892

 error: 
 retcode : 0
DEBUG 2019-07-31 11:58:31,012: 	 Proxy valid for 23:34:52 hours
DEBUG 2019-07-31 11:58:31,124: 	 Executing : 
 command : openssl x509 -in ~/.globus/usercert.pem -subject -noout
 output : subject= /DC=ch/DC=cern/OU=Organic Units/OU=Users/CN=gkopp/CN=819733/CN=Gillian Baron Kopp

 error: 
 retcode : 0
DEBUG 2019-07-31 11:58:31,125: 	 Checking credentials
DEBUG 2019-07-31 11:58:31,125: 	 Found proxy file /tmp/x509up_u101898
DEBUG 2019-07-31 11:58:31,125: 	 Getting proxy life time left
DEBUG 2019-07-31 11:58:31,833: 	 Executing : 
 command : voms-proxy-info -file /tmp/x509up_u101898 -timeleft
 output : 84891

 error: 
 retcode : 0
DEBUG 2019-07-31 11:58:32,542: 	 Executing : 
 command : voms-proxy-info -file /tmp/x509up_u101898 -actimeleft
 output : 84890

 error: 
 retcode : 0
DEBUG 2019-07-31 11:58:32,543: 	 Proxy lifetime 84891 secs is different from voms extension lifetime 84890 secs for proxy: /tmp/x509up_u101898
DEBUG 2019-07-31 11:58:32,543: 	 Proxy valid for 23:34:50 hours
DEBUG 2019-07-31 11:58:32,793: 	 Registering user credentials for server /DC=ch/DC=cern/OU=computers/CN=vocms(052|058|030|0118|0105|0109).cern.ch|/DC=ch/DC=cern/OU=computers/CN=crab-(preprod|prod)-tw(02|01).cern.ch
DEBUG 2019-07-31 11:58:32,906: 	 Executing : 
 command : openssl x509 -in ~/.globus/usercert.pem -subject -noout
 output : subject= /DC=ch/DC=cern/OU=Organic Units/OU=Users/CN=gkopp/CN=819733/CN=Gillian Baron Kopp

 error: 
 retcode : 0
DEBUG 2019-07-31 11:58:32,906: 	 Getting myproxy life time left for myproxy.cern.ch
DEBUG 2019-07-31 11:58:32,906: 	 Calculating hash of /DC=ch/DC=cern/OU=Organic Units/OU=Users/CN=gkopp/CN=819733/CN=Gillian Baron Kopp_cmsweb.cern.ch for credential name
DEBUG 2019-07-31 11:58:33,212: 	 Executing : 
 command : myproxy-info -l d4f7aa722e38c894c2ff2ae18ed554d50112c21d -s myproxy.cern.ch
 output : username: d4f7aa722e38c894c2ff2ae18ed554d50112c21d
owner: /DC=ch/DC=cern/OU=Organic Units/OU=Users/CN=gkopp/CN=819733/CN=Gillian Baron Kopp
  renewal policy: /DC=ch/DC=cern/OU=computers/CN=vocms(052|058|030|0118|0105|0109).cern.ch|/DC=ch/DC=cern/OU=computers/CN=crab-(preprod|prod)-tw(02|01).cern.ch
  trusted retrieval policy: /DC=ch/DC=cern/OU=computers/CN=vocms(052|058|030|0118|0105|0109).cern.ch|/DC=ch/DC=cern/OU=computers/CN=crab-(preprod|prod)-tw(02|01).cern.ch
  timeleft: 719:36:25  (30.0 days)

 error: 
 retcode : 0
DEBUG 2019-07-31 11:58:33,213: 	 Myproxy is valid: 2590585
DEBUG 2019-07-31 11:58:33,214: 	 Command use: status
DEBUG 2019-07-31 11:58:33,214: 	 Options use: ['-d', 'crab_projects_out/crab_QCD_MC_PU']
DEBUG 2019-07-31 11:58:33,320: 	 CRABClient version: 3.3.1904
DEBUG 2019-07-31 11:58:33,320: 	 Instance is prod
DEBUG 2019-07-31 11:58:33,320: 	 Server base url is cmsweb.cern.ch
DEBUG 2019-07-31 11:58:33,320: 	 Command url /crabserver/prod/workflow
DEBUG 2019-07-31 11:58:33,419: 	 Got information from server oracle database: {u'result': [u'190731_095714:gkopp_crab_QCD_MC_PU', u'None', u'None', u'QUEUED', u'SUBMIT', u'2019-07-31 09:57:14.460119', u'None', u'None', u'None', u'CMSSW_10_6_0', u'slc7_amd64_gcc700', u'/RelValQCD_FlatPt_15_3000HS_13/CMSSW_10_6_0_pre4-PU25ns_106X_upgrade2021_realistic_v4-v1/GEN-SIM-DIGI-RAW', u'F', u'0', u'[]', u'[]', u'FileBased', u"{'splitOnRun': False, 'halt_job_on_file_boundaries': False, 'files_per_job': 1, 'runs': [], 'lumis': []}", u'25ae225d49e66dac06cd3379e453e8bc628baabbd6912a941620f6b7abd342d2.tar.gz', u'https://cmsweb.cern.ch/crabcache', u'gkopp', u'/DC=ch/DC=cern/OU=Organic Units/OU=Users/CN=gkopp/CN=819733/CN=Gillian Baron Kopp', u'cms', u'None', u'None', u'crab_QCD_MC_PU-00000000000000000000000000000000', u'F', u'T2_CH_CERN', u'https://cmsweb.cern.ch/dbs/prod/global/DBSReader', u'https://cmsweb.cern.ch/dbs/prod/phys03/DBSWriter', u'F', u'[]', u"['analyze.root']", u'[]', u'Analysis', u'pythia', u'None', u'{}', u'[]', u'T', u'crab-prod-tw01', u'[]', u'1250', u'1', u'2000', u'10', u'None', u'[]', u'None', u'None', u'[]', u'[]', u'https://cmsweb.cern.ch/crabserver/prod', u'cmsgwms-collector-global.cern.ch:9620,cmssrv221.fnal.gov:9620', u'None', u'F', u'[]', u'T', u'/store/group/dpg_hcal/comm_hcal/gillian/LLP_Run3/HcalAnalysisFrameworkFiles/', u'F', u'None', u'F', u'None', u'RelValQCD_FlatPt_15_3000HS_13', u'None', u'f6f541a5fe12d080f87dc86c98a4292bfb8aa7719d7f071fbba58bdcbf7e8204.tar.gz', u'None', u'filetransfers', u'F', u'2001:1458:201:e3::100:47b', u'4.0', u'None'], u'desc': {u'columns': [u'tm_taskname', u'tm_activity', u'panda_jobset_id', u'tm_task_status', u'tm_task_command', u'tm_start_time', u'tm_start_injection', u'tm_end_injection', u'tm_task_failure', u'tm_job_sw', u'tm_job_arch', u'tm_input_dataset', u'tm_nonvalid_input_dataset', u'tm_use_parent', u'tm_site_whitelist', u'tm_site_blacklist', u'tm_split_algo', u'tm_split_args', u'tm_user_sandbox', u'tm_cache_url', u'tm_username', u'tm_user_dn', u'tm_user_vo', u'tm_user_role', u'tm_user_group', u'tm_publish_name', u'tm_publish_groupname', u'tm_asyncdest', u'tm_dbs_url', u'tm_publish_dbs_url', u'tm_publication', u'tm_outfiles', u'tm_tfile_outfiles', u'tm_edm_outfiles', u'tm_job_type', u'tm_generator', u'tm_events_per_lumi', u'tm_arguments', u'panda_resubmitted_jobs', u'tm_save_logs', u'tw_name', u'tm_user_infiles', u'tm_maxjobruntime', u'tm_numcores', u'tm_maxmemory', u'tm_priority', u'tm_output_dataset', u'tm_task_warnings', u'tm_user_webdir', u'tm_scriptexe', u'tm_scriptargs', u'tm_extrajdl', u'tm_asourl', u'tm_collector', u'tm_schedd', u'tm_dry_run', u'tm_user_files', u'tm_transfer_outputs', u'tm_output_lfn', u'tm_ignore_locality', u'tm_fail_limit', u'tm_one_event_mode', u'tm_secondary_input_dataset', u'tm_primary_dataset', u'tm_last_publication', u'tm_debug_files', u'clusterid', u'tm_asodb', u'tm_ignore_global_blacklist', u'tm_submitter_ip_addr', u'tm_totalunits', u'tm_ddm_reqid']}}
INFO 2019-07-31 11:58:33,419: 	 CRAB project directory:		/afs/cern.ch/work/g/gkopp/HCAL_Trigger/CMSSW_10_6_0/src/Debug/HcalDebug/crab/crab_projects_out/crab_QCD_MC_PU
INFO 2019-07-31 11:58:33,419: 	 Task name:			190731_095714:gkopp_crab_QCD_MC_PU
INFO 2019-07-31 11:58:33,419: 	 Grid scheduler - Task Worker:	N/A yet - crab-prod-tw01
INFO 2019-07-31 11:58:33,420: 	 Status on the CRAB server:	QUEUED on command SUBMIT
INFO 2019-07-31 11:58:33,420: 	 Task URL to use for HELP:	https://cmsweb.cern.ch/crabserver/ui/task/190731_095714%3Agkopp_crab_QCD_MC_PU
INFO 2019-07-31 11:58:33,420: 	 Dashboard monitoring URL:	http://dashb-cms-job.cern.ch/dashboard/templates/task-analysis/#user=gkopp&refresh=0&table=Jobs&p=1&records=25&activemenu=2&status=&site=&tid=190731_095714%3Agkopp_crab_QCD_MC_PU
INFO 2019-07-31 11:58:33,420: 	 New dashboard monitoring URL:	https://monit-grafana.cern.ch/d/cmsTMDetail/cms-task-monitoring-task-view?orgId=11&var-user=gkopp&var-task=190731_095714%3Agkopp_crab_QCD_MC_PU
INFO 2019-07-31 11:58:33,420: 	 In case of issues with the new dashboard, please provide feedback to hn-cms-computing-tools@cern.ch
DEBUG 2019-07-31 11:58:33,420: 	 The task has not been submitted to the Grid scheduler yet. Not printing job information.
INFO 2019-07-31 11:58:33,425: 	 Log file is /afs/cern.ch/work/g/gkopp/HCAL_Trigger/CMSSW_10_6_0/src/Debug/HcalDebug/crab/crab_projects_out/crab_QCD_MC_PU/crab.log
